2025-02-01 12:24:41,428 - INFO - HTTP Request: GET https://dagshub.com/api/v1/user "HTTP/1.1 200 OK"
2025-02-01 12:24:41,431 - INFO - Accessing as shreyojitdas95
2025-02-01 12:24:41,784 - INFO - HTTP Request: GET https://dagshub.com/api/v1/repos/shreyojitdas95/mlops-diamond-price-prediction "HTTP/1.1 200 OK"
2025-02-01 12:24:42,110 - INFO - HTTP Request: GET https://dagshub.com/api/v1/user "HTTP/1.1 200 OK"
2025-02-01 12:24:42,111 - INFO - Initialized MLflow to track repo "shreyojitdas95/mlops-diamond-price-prediction"
2025-02-01 12:24:42,111 - INFO - Repository shreyojitdas95/mlops-diamond-price-prediction initialized!
2025-02-01 12:24:42,111 - INFO - Starting the model training process...
2025-02-01 12:24:42,111 - INFO - Loading training data from: data/processed/train.csv
2025-02-01 12:24:42,111 - INFO - Loading test data from: data/processed/test.csv
2025-02-01 12:24:42,142 - INFO - Data loaded and split into training and test sets.
2025-02-01 12:24:42,143 - INFO - Initializing the XGBoost model...
2025-02-01 12:24:42,691 - INFO - Training the XGBoost model...
2025-02-01 12:43:46,315 - INFO - HTTP Request: GET https://dagshub.com/api/v1/user "HTTP/1.1 200 OK"
2025-02-01 12:43:46,318 - INFO - Accessing as shreyojitdas95
2025-02-01 12:43:46,688 - INFO - HTTP Request: GET https://dagshub.com/api/v1/repos/shreyojitdas95/mlops-diamond-price-prediction "HTTP/1.1 200 OK"
2025-02-01 12:43:47,017 - INFO - HTTP Request: GET https://dagshub.com/api/v1/user "HTTP/1.1 200 OK"
2025-02-01 12:43:47,019 - INFO - Initialized MLflow to track repo "shreyojitdas95/mlops-diamond-price-prediction"
2025-02-01 12:43:47,019 - INFO - Repository shreyojitdas95/mlops-diamond-price-prediction initialized!
2025-02-01 12:43:47,019 - INFO - Starting the model training process...
2025-02-01 12:43:47,019 - INFO - Loading training data from: data/processed/train.csv
2025-02-01 12:43:47,019 - INFO - Loading test data from: data/processed/test.csv
2025-02-01 12:43:47,049 - INFO - Data loaded and split into training and test sets.
2025-02-01 12:43:47,049 - INFO - Initializing the XGBoost model...
2025-02-01 12:43:47,545 - INFO - Training the XGBoost model...
2025-02-01 12:43:47,727 - INFO - Model training completed.
2025-02-01 12:43:47,728 - INFO - Making predictions and calculating metrics...
2025-02-01 12:43:47,748 - INFO - Model evaluation metrics: RMSE = 54.894274270239244, R^2 = 0.9998104572296143
2025-02-01 12:43:47,749 - INFO - Logging model parameters...
2025-02-01 12:43:48,114 - INFO - Logging evaluation metrics...
2025-02-01 12:43:48,477 - INFO - Logging the model with signature...
2025-02-01 12:43:54,728 - INFO - Generating SHAP summary plot...
2025-02-01 12:51:12,094 - INFO - HTTP Request: GET https://dagshub.com/api/v1/user "HTTP/1.1 200 OK"
2025-02-01 12:51:12,097 - INFO - Accessing as shreyojitdas95
2025-02-01 12:51:12,506 - INFO - HTTP Request: GET https://dagshub.com/api/v1/repos/shreyojitdas95/mlops-diamond-price-prediction "HTTP/1.1 200 OK"
2025-02-01 12:51:12,838 - INFO - HTTP Request: GET https://dagshub.com/api/v1/user "HTTP/1.1 200 OK"
2025-02-01 12:51:12,839 - INFO - Initialized MLflow to track repo "shreyojitdas95/mlops-diamond-price-prediction"
2025-02-01 12:51:12,840 - INFO - Repository shreyojitdas95/mlops-diamond-price-prediction initialized!
2025-02-01 12:51:12,840 - INFO - Starting the model training process...
2025-02-01 12:51:12,840 - INFO - Loading training data from: data/processed/train.csv
2025-02-01 12:51:12,840 - INFO - Loading test data from: data/processed/test.csv
2025-02-01 12:51:12,871 - INFO - Data loaded and split into training and test sets.
2025-02-01 12:51:12,871 - INFO - Initializing the XGBoost model...
2025-02-01 12:51:13,339 - INFO - Training the XGBoost model...
2025-02-01 12:51:13,663 - INFO - Model training completed.
2025-02-01 12:51:13,663 - INFO - Making predictions and calculating metrics...
2025-02-01 12:51:13,670 - INFO - Model evaluation metrics: RMSE = 54.89427493069201, R^2 = 0.9998104412615185
2025-02-01 12:51:13,670 - INFO - Logging model parameters...
2025-02-01 12:51:14,031 - INFO - Logging evaluation metrics...
2025-02-01 12:51:14,388 - INFO - Logging the model with signature...
2025-02-01 12:51:20,298 - INFO - Generating SHAP summary plot...
2025-02-01 12:51:24,920 - INFO - SHAP summary plot saved as 'shap_summary.png'
2025-02-01 12:51:24,920 - INFO - Logging SHAP summary plot as an artifact...
2025-02-01 12:51:26,154 - INFO - Model training and logging complete.
2025-02-01 13:05:16,183 - INFO - HTTP Request: GET https://dagshub.com/api/v1/user "HTTP/1.1 200 OK"
2025-02-01 13:05:16,186 - INFO - Accessing as shreyojitdas95
2025-02-01 13:05:16,549 - INFO - HTTP Request: GET https://dagshub.com/api/v1/repos/shreyojitdas95/mlops-diamond-price-prediction "HTTP/1.1 200 OK"
2025-02-01 13:05:16,889 - INFO - HTTP Request: GET https://dagshub.com/api/v1/user "HTTP/1.1 200 OK"
2025-02-01 13:05:16,891 - INFO - Initialized MLflow to track repo "shreyojitdas95/mlops-diamond-price-prediction"
2025-02-01 13:05:16,891 - INFO - Repository shreyojitdas95/mlops-diamond-price-prediction initialized!
2025-02-01 13:05:16,891 - INFO - Starting the model training process...
2025-02-01 13:05:16,891 - INFO - Loading training data from: data/processed/train.csv
2025-02-01 13:05:16,891 - INFO - Loading test data from: data/processed/test.csv
2025-02-01 13:05:16,921 - INFO - Data loaded and split into training and test sets.
2025-02-01 13:05:16,921 - INFO - Initializing the XGBoost model...
2025-02-01 13:05:17,391 - INFO - Training the XGBoost model...
2025-02-01 13:05:17,606 - INFO - Model training completed.
2025-02-01 13:05:17,606 - INFO - Making predictions and calculating metrics...
2025-02-01 13:05:17,613 - INFO - Model evaluation metrics: RMSE = 54.89427493069201, R^2 = 0.9998104412615185
2025-02-01 13:05:17,613 - INFO - Logging model parameters...
2025-02-01 13:05:17,984 - INFO - Logging evaluation metrics...
2025-02-01 13:05:19,019 - INFO - Logging the model with signature...
2025-02-01 13:05:25,421 - INFO - Generating SHAP summary plot...
2025-02-01 13:05:30,077 - INFO - SHAP summary plot saved as 'shap_summary.png'
2025-02-01 13:05:30,077 - INFO - Logging SHAP summary plot as an artifact...
2025-02-01 13:05:31,322 - INFO - Registering model to MLflow Model Registry...
2025-02-01 13:05:34,315 - INFO - Model training and logging complete.
2025-02-01 15:58:26,113 - INFO - HTTP Request: GET https://dagshub.com/api/v1/user "HTTP/1.1 200 OK"
2025-02-01 15:58:26,116 - INFO - Accessing as shreyojitdas95
2025-02-01 15:58:26,481 - INFO - HTTP Request: GET https://dagshub.com/api/v1/repos/shreyojitdas95/mlops-diamond-price-prediction "HTTP/1.1 200 OK"
2025-02-01 15:58:26,806 - INFO - HTTP Request: GET https://dagshub.com/api/v1/user "HTTP/1.1 200 OK"
2025-02-01 15:58:26,808 - INFO - Initialized MLflow to track repo "shreyojitdas95/mlops-diamond-price-prediction"
2025-02-01 15:58:26,808 - INFO - Repository shreyojitdas95/mlops-diamond-price-prediction initialized!
2025-02-01 15:58:26,808 - INFO - Starting the model training process...
2025-02-01 15:58:26,808 - INFO - Loading training data from: data/processed/train.csv
2025-02-01 15:58:26,808 - INFO - Loading test data from: data/processed/test.csv
2025-02-01 15:58:26,838 - INFO - Data loaded and split into training and test sets.
2025-02-01 15:58:26,838 - INFO - Initializing the XGBoost model...
2025-02-01 15:58:27,330 - INFO - Training the XGBoost model...
2025-02-01 15:58:27,503 - INFO - Model training completed.
2025-02-01 15:58:27,515 - INFO - Model evaluation metrics: RMSE = 54.89427493069201, R^2 = 0.9998104412615185
2025-02-01 15:58:37,405 - INFO - Model saved locally at: artifacts/local_model
2025-02-01 15:58:39,404 - INFO - Model saved in 'models/' directory at: models/xgboost_model/model.pkl
2025-02-01 15:58:39,404 - INFO - Generating SHAP summary plot...
2025-02-01 15:58:44,983 - INFO - Registering model to MLflow Model Registry...
2025-02-01 15:58:46,693 - INFO - Model training and logging complete.
2025-02-01 16:08:14,405 - INFO - HTTP Request: GET https://dagshub.com/api/v1/user "HTTP/1.1 200 OK"
2025-02-01 16:08:14,409 - INFO - Accessing as shreyojitdas95
2025-02-01 16:08:14,808 - INFO - HTTP Request: GET https://dagshub.com/api/v1/repos/shreyojitdas95/mlops-diamond-price-prediction "HTTP/1.1 200 OK"
2025-02-01 16:08:15,163 - INFO - HTTP Request: GET https://dagshub.com/api/v1/user "HTTP/1.1 200 OK"
2025-02-01 16:08:15,164 - INFO - Initialized MLflow to track repo "shreyojitdas95/mlops-diamond-price-prediction"
2025-02-01 16:08:15,164 - INFO - Repository shreyojitdas95/mlops-diamond-price-prediction initialized!
2025-02-01 16:08:15,164 - INFO - Starting the model training process...
2025-02-01 16:08:15,164 - INFO - Loading training data from: data/processed/train.csv
2025-02-01 16:08:15,164 - INFO - Loading test data from: data/processed/test.csv
2025-02-01 16:08:15,195 - INFO - Data loaded and split into training and test sets.
2025-02-01 16:08:15,195 - INFO - Initializing the XGBoost model...
2025-02-01 16:08:15,702 - INFO - Training the XGBoost model...
2025-02-01 16:08:15,921 - INFO - Model training completed.
2025-02-01 16:08:15,945 - INFO - Model evaluation metrics: RMSE = 62.7952156898722, R^2 = 0.9997519479522603
2025-02-01 16:09:41,566 - INFO - HTTP Request: GET https://dagshub.com/api/v1/user "HTTP/1.1 200 OK"
2025-02-01 16:09:41,569 - INFO - Accessing as shreyojitdas95
2025-02-01 16:09:41,927 - INFO - HTTP Request: GET https://dagshub.com/api/v1/repos/shreyojitdas95/mlops-diamond-price-prediction "HTTP/1.1 200 OK"
2025-02-01 16:09:42,255 - INFO - HTTP Request: GET https://dagshub.com/api/v1/user "HTTP/1.1 200 OK"
2025-02-01 16:09:42,256 - INFO - Initialized MLflow to track repo "shreyojitdas95/mlops-diamond-price-prediction"
2025-02-01 16:09:42,256 - INFO - Repository shreyojitdas95/mlops-diamond-price-prediction initialized!
2025-02-01 16:09:42,256 - INFO - Starting the model training process...
2025-02-01 16:09:42,256 - INFO - Loading training data from: data/processed/train.csv
2025-02-01 16:09:42,256 - INFO - Loading test data from: data/processed/test.csv
2025-02-01 16:09:42,291 - INFO - Data loaded and split into training and test sets.
2025-02-01 16:09:42,291 - INFO - Initializing the XGBoost model...
2025-02-01 16:09:42,768 - INFO - Training the XGBoost model...
2025-02-01 16:09:43,036 - INFO - Model training completed.
2025-02-01 16:09:43,059 - INFO - Model evaluation metrics: RMSE = 62.7952156898722, R^2 = 0.9997519479522603
2025-02-01 16:09:52,722 - INFO - Model saved locally at: artifacts/local_model
2025-02-01 16:15:32,061 - INFO - HTTP Request: GET https://dagshub.com/api/v1/user "HTTP/1.1 200 OK"
2025-02-01 16:15:32,064 - INFO - Accessing as shreyojitdas95
2025-02-01 16:15:32,429 - INFO - HTTP Request: GET https://dagshub.com/api/v1/repos/shreyojitdas95/mlops-diamond-price-prediction "HTTP/1.1 200 OK"
2025-02-01 16:15:32,760 - INFO - HTTP Request: GET https://dagshub.com/api/v1/user "HTTP/1.1 200 OK"
2025-02-01 16:15:32,761 - INFO - Initialized MLflow to track repo "shreyojitdas95/mlops-diamond-price-prediction"
2025-02-01 16:15:32,762 - INFO - Repository shreyojitdas95/mlops-diamond-price-prediction initialized!
2025-02-01 16:15:32,762 - INFO - Starting the model training process...
2025-02-01 16:15:32,762 - INFO - Loading training data from: data/processed/train.csv
2025-02-01 16:15:32,762 - INFO - Loading test data from: data/processed/test.csv
2025-02-01 16:15:32,790 - INFO - Data loaded and split into training and test sets.
2025-02-01 16:15:32,790 - INFO - Initializing the XGBoost model...
2025-02-01 16:15:33,330 - INFO - Training the XGBoost model...
2025-02-01 16:15:33,710 - INFO - Model training completed.
2025-02-01 16:15:33,724 - INFO - Model evaluation metrics: RMSE = 62.7952156898722, R^2 = 0.9997519479522603
2025-02-01 16:15:42,714 - INFO - Generating SHAP summary plot...
2025-02-01 16:15:51,898 - INFO - New best model found! Saving and clearing previous models...
2025-02-01 16:15:53,727 - INFO - Best model saved locally at: models/best_xgboost_model/model.pkl
2025-02-01 16:15:55,486 - INFO - Model registered in MLflow Model Registry.
2025-02-01 16:15:56,159 - INFO - Model training and logging complete.
2025-02-01 17:19:00,789 - INFO - HTTP Request: GET https://dagshub.com/api/v1/user "HTTP/1.1 200 OK"
2025-02-01 17:19:00,793 - INFO - Accessing as shreyojitdas95
2025-02-01 17:19:01,152 - INFO - HTTP Request: GET https://dagshub.com/api/v1/repos/shreyojitdas95/mlops-diamond-price-prediction "HTTP/1.1 200 OK"
2025-02-01 17:19:01,476 - INFO - HTTP Request: GET https://dagshub.com/api/v1/user "HTTP/1.1 200 OK"
2025-02-01 17:19:01,477 - INFO - Initialized MLflow to track repo "shreyojitdas95/mlops-diamond-price-prediction"
2025-02-01 17:19:01,477 - INFO - Repository shreyojitdas95/mlops-diamond-price-prediction initialized!
2025-02-01 17:19:01,477 - INFO - Starting the model training process...
2025-02-01 17:19:01,477 - INFO - Loading training data from: data/processed/train.csv
2025-02-01 17:19:01,477 - INFO - Loading test data from: data/processed/test.csv
2025-02-01 17:19:01,504 - INFO - Data loaded and split into training and test sets.
2025-02-01 17:19:01,504 - INFO - Initializing the XGBoost model...
2025-02-01 17:19:01,985 - INFO - Training the XGBoost model...
2025-02-01 17:19:02,833 - INFO - Model training completed.
2025-02-01 17:19:02,843 - INFO - Model evaluation metrics: RMSE = 54.756679099947554, R^2 = 0.9998113903515085
2025-02-01 17:19:11,649 - INFO - Generating SHAP summary plot...
2025-02-01 17:20:10,267 - INFO - New best model found! Saving and clearing previous models...
2025-02-01 17:20:10,289 - INFO - Best model saved locally at: models/best_xgboost_model/model.pkl
2025-02-01 17:20:11,618 - INFO - Model registered in MLflow Model Registry.
2025-02-01 17:20:12,368 - INFO - Model training and logging complete.
2025-02-02 10:47:56,604 - INFO - HTTP Request: GET https://dagshub.com/api/v1/user "HTTP/1.1 200 OK"
2025-02-02 10:47:56,608 - INFO - Accessing as shreyojitdas95
2025-02-02 10:47:57,012 - INFO - HTTP Request: GET https://dagshub.com/api/v1/repos/shreyojitdas95/mlops-diamond-price-prediction "HTTP/1.1 200 OK"
2025-02-02 10:47:57,365 - INFO - HTTP Request: GET https://dagshub.com/api/v1/user "HTTP/1.1 200 OK"
2025-02-02 10:47:57,366 - INFO - Initialized MLflow to track repo "shreyojitdas95/mlops-diamond-price-prediction"
2025-02-02 10:47:57,366 - INFO - Repository shreyojitdas95/mlops-diamond-price-prediction initialized!
2025-02-02 10:47:57,366 - INFO - Starting the model training process...
2025-02-02 10:47:57,366 - INFO - Loading training data from: data/processed/train.csv
2025-02-02 10:47:57,366 - INFO - Loading test data from: data/processed/test.csv
2025-02-02 10:47:57,399 - INFO - Data loaded and split into training and test sets.
2025-02-02 10:47:57,399 - INFO - Initializing the XGBoost model...
2025-02-02 10:47:57,930 - INFO - Training the XGBoost model...
2025-02-02 10:47:59,085 - INFO - Model training completed.
2025-02-02 10:47:59,115 - INFO - Model evaluation metrics: RMSE = 54.756679099947554, R^2 = 0.9998113903515085
2025-02-02 10:48:08,144 - INFO - Generating SHAP summary plot...
2025-02-02 11:04:08,775 - INFO - HTTP Request: GET https://dagshub.com/api/v1/user "HTTP/1.1 200 OK"
2025-02-02 11:04:08,778 - INFO - Accessing as shreyojitdas95
2025-02-02 11:04:09,272 - INFO - HTTP Request: GET https://dagshub.com/api/v1/repos/shreyojitdas95/mlops-diamond-price-prediction "HTTP/1.1 200 OK"
2025-02-02 11:04:09,667 - INFO - HTTP Request: GET https://dagshub.com/api/v1/user "HTTP/1.1 200 OK"
2025-02-02 11:04:09,668 - INFO - Initialized MLflow to track repo "shreyojitdas95/mlops-diamond-price-prediction"
2025-02-02 11:04:09,668 - INFO - Repository shreyojitdas95/mlops-diamond-price-prediction initialized!
2025-02-02 11:04:09,669 - INFO - Starting the model training process...
2025-02-02 11:04:09,669 - INFO - Loading training data from: data/processed/train.csv
2025-02-02 11:04:09,669 - INFO - Loading test data from: data/processed/test.csv
2025-02-02 11:04:09,694 - INFO - Data loaded and split into training and test sets.
2025-02-02 11:04:09,694 - INFO - Initializing the XGBoost model...
2025-02-02 11:04:10,169 - INFO - Training the XGBoost model...
2025-02-02 11:04:11,137 - INFO - Model training completed.
2025-02-02 11:04:11,173 - INFO - Model evaluation metrics: RMSE = 539.081688758075, R^2 = 0.9808655003581973
2025-02-02 11:04:20,232 - INFO - Generating SHAP summary plot...
2025-02-02 11:06:01,701 - INFO - New best model found! Saving and clearing previous models...
2025-02-02 11:06:01,729 - INFO - Best model saved locally at: models/best_xgboost_model/model.pkl
2025-02-02 11:06:03,296 - INFO - Model registered in MLflow Model Registry.
2025-02-02 11:06:04,049 - INFO - Model training and logging complete.
2025-02-02 11:13:38,869 - INFO - HTTP Request: GET https://dagshub.com/api/v1/user "HTTP/1.1 200 OK"
2025-02-02 11:13:38,873 - INFO - Accessing as shreyojitdas95
2025-02-02 11:13:39,237 - INFO - HTTP Request: GET https://dagshub.com/api/v1/repos/shreyojitdas95/mlops-diamond-price-prediction "HTTP/1.1 200 OK"
2025-02-02 11:13:39,568 - INFO - HTTP Request: GET https://dagshub.com/api/v1/user "HTTP/1.1 200 OK"
2025-02-02 11:13:39,570 - INFO - Initialized MLflow to track repo "shreyojitdas95/mlops-diamond-price-prediction"
2025-02-02 11:13:39,570 - INFO - Repository shreyojitdas95/mlops-diamond-price-prediction initialized!
2025-02-02 11:13:39,570 - INFO - Starting the model training process...
2025-02-02 11:13:39,570 - INFO - Loading training data from: data/processed/train.csv
2025-02-02 11:13:39,570 - INFO - Loading test data from: data/processed/test.csv
2025-02-02 11:13:39,595 - INFO - Data loaded and split into training and test sets.
2025-02-02 11:13:39,595 - INFO - Initializing the XGBoost model...
2025-02-02 11:13:40,087 - INFO - Training the XGBoost model...
2025-02-02 11:13:41,956 - INFO - Model training completed.
2025-02-02 11:13:41,980 - INFO - Model evaluation metrics: RMSE = 539.081688758075, R^2 = 0.9808655003581973
2025-02-02 11:13:53,462 - INFO - Generating SHAP summary plot...
2025-02-02 11:15:33,688 - INFO - New best model found! Saving and clearing previous models...
2025-02-02 11:15:33,716 - INFO - Best model saved locally at: models/best_xgboost_model/model.pkl
2025-02-02 11:15:35,512 - INFO - Model registered in MLflow Model Registry.
2025-02-02 11:15:36,194 - INFO - Model training and logging complete.
